2022-12-18 21:12:104 INFO  HomePage :37 - Clicking on login link : [[ChromeDriver: chrome on WINDOWS (9917d8f70c88964e2fa0c3ea54bd85f1)] -> link text: Log in]
2022-12-18 21:12:176 INFO  LoginPage :44 - Getting text from : [[ChromeDriver: chrome on WINDOWS (9917d8f70c88964e2fa0c3ea54bd85f1)] -> xpath: //h1[contains(text(),'Welcome, Please Sign In!')]]
2022-12-18 21:12:85 INFO  HomePage :37 - Clicking on login link : [[ChromeDriver: chrome on WINDOWS (9cee1c96f88d22b295d5b56e48525401)] -> link text: Log in]
2022-12-20 22:12:741 INFO  HomePage :45 - Clicking on login link : [[ChromeDriver: chrome on WINDOWS (98be9aaa9879356aa4cba1f0dbf46b70)] -> link text: Log in]
2022-12-20 22:12:70 INFO  HomePage :50 - Clicking on register link : [[ChromeDriver: chrome on WINDOWS (90aa46f62c8588bbccf3937408ec074b)] -> link text: Register]
2022-12-20 22:12:396 INFO  RegisterPage :87 - Select Gender [[ChromeDriver: chrome on WINDOWS (90aa46f62c8588bbccf3937408ec074b)] -> xpath: //div[@id='gender']//label]
2022-12-20 22:12:788 INFO  RegisterPage :95 - Enter FirstName [[ChromeDriver: chrome on WINDOWS (90aa46f62c8588bbccf3937408ec074b)] -> id: FirstName]
2022-12-20 22:12:122 INFO  RegisterPage :101 - Enter LastName [[ChromeDriver: chrome on WINDOWS (90aa46f62c8588bbccf3937408ec074b)] -> id: LastName]
2022-12-20 22:12:150 INFO  RegisterPage :109 - select DateOfBirth [[ChromeDriver: chrome on WINDOWS (90aa46f62c8588bbccf3937408ec074b)] -> name: DateOfBirthDay]
2022-12-20 22:12:829 INFO  RegisterPage :120 - Enter Password [[ChromeDriver: chrome on WINDOWS (90aa46f62c8588bbccf3937408ec074b)] -> id: Password]
2022-12-20 22:12:51 INFO  RegisterPage :126 - enter Confirm Password [[ChromeDriver: chrome on WINDOWS (90aa46f62c8588bbccf3937408ec074b)] -> id: ConfirmPassword]
2022-12-20 22:12:813 INFO  RegisterPage :131 - click On RegisterButton [[ChromeDriver: chrome on WINDOWS (90aa46f62c8588bbccf3937408ec074b)] -> css selector: #register-button]
2022-12-20 22:12:933 INFO  RegisterPage :148 - Get Your RegCompletedText [[ChromeDriver: chrome on WINDOWS (90aa46f62c8588bbccf3937408ec074b)] -> css selector: .result]
2022-12-20 22:12:95 INFO  HomePage :50 - Clicking on register link : [[ChromeDriver: chrome on WINDOWS (e6aadf186d85a7696fb2f61076b96a57)] -> link text: Register]
2022-12-20 22:12:232 INFO  RegisterPage :79 - get Register Text [[ChromeDriver: chrome on WINDOWS (e6aadf186d85a7696fb2f61076b96a57)] -> css selector: div[class='page-title'] h1]
2022-12-20 22:12:834 INFO  HomePage :50 - Clicking on register link : [[ChromeDriver: chrome on WINDOWS (2e8aff3d571e430a6de5978775513a3d)] -> link text: Register]
2022-12-20 22:12:45 INFO  RegisterPage :131 - click On RegisterButton [[ChromeDriver: chrome on WINDOWS (2e8aff3d571e430a6de5978775513a3d)] -> css selector: #register-button]
2022-12-20 22:12:259 INFO  RegisterPage :139 - get Validation ErrorMessageForField [[[ChromeDriver: chrome on WINDOWS (2e8aff3d571e430a6de5978775513a3d)] -> class name: field-validation-error], [[ChromeDriver: chrome on WINDOWS (2e8aff3d571e430a6de5978775513a3d)] -> class name: field-validation-error], [[ChromeDriver: chrome on WINDOWS (2e8aff3d571e430a6de5978775513a3d)] -> class name: field-validation-error], [[ChromeDriver: chrome on WINDOWS (2e8aff3d571e430a6de5978775513a3d)] -> class name: field-validation-error], [[ChromeDriver: chrome on WINDOWS (2e8aff3d571e430a6de5978775513a3d)] -> class name: field-validation-error]]
2022-12-20 22:12:377 INFO  RegisterPage :139 - get Validation ErrorMessageForField [[[ChromeDriver: chrome on WINDOWS (2e8aff3d571e430a6de5978775513a3d)] -> class name: field-validation-error], [[ChromeDriver: chrome on WINDOWS (2e8aff3d571e430a6de5978775513a3d)] -> class name: field-validation-error], [[ChromeDriver: chrome on WINDOWS (2e8aff3d571e430a6de5978775513a3d)] -> class name: field-validation-error], [[ChromeDriver: chrome on WINDOWS (2e8aff3d571e430a6de5978775513a3d)] -> class name: field-validation-error], [[ChromeDriver: chrome on WINDOWS (2e8aff3d571e430a6de5978775513a3d)] -> class name: field-validation-error]]
2022-12-20 22:12:482 INFO  RegisterPage :139 - get Validation ErrorMessageForField [[[ChromeDriver: chrome on WINDOWS (2e8aff3d571e430a6de5978775513a3d)] -> class name: field-validation-error], [[ChromeDriver: chrome on WINDOWS (2e8aff3d571e430a6de5978775513a3d)] -> class name: field-validation-error], [[ChromeDriver: chrome on WINDOWS (2e8aff3d571e430a6de5978775513a3d)] -> class name: field-validation-error], [[ChromeDriver: chrome on WINDOWS (2e8aff3d571e430a6de5978775513a3d)] -> class name: field-validation-error], [[ChromeDriver: chrome on WINDOWS (2e8aff3d571e430a6de5978775513a3d)] -> class name: field-validation-error]]
2022-12-20 22:12:637 INFO  RegisterPage :139 - get Validation ErrorMessageForField [[[ChromeDriver: chrome on WINDOWS (2e8aff3d571e430a6de5978775513a3d)] -> class name: field-validation-error], [[ChromeDriver: chrome on WINDOWS (2e8aff3d571e430a6de5978775513a3d)] -> class name: field-validation-error], [[ChromeDriver: chrome on WINDOWS (2e8aff3d571e430a6de5978775513a3d)] -> class name: field-validation-error], [[ChromeDriver: chrome on WINDOWS (2e8aff3d571e430a6de5978775513a3d)] -> class name: field-validation-error], [[ChromeDriver: chrome on WINDOWS (2e8aff3d571e430a6de5978775513a3d)] -> class name: field-validation-error]]
2022-12-20 22:12:772 INFO  RegisterPage :139 - get Validation ErrorMessageForField [[[ChromeDriver: chrome on WINDOWS (2e8aff3d571e430a6de5978775513a3d)] -> class name: field-validation-error], [[ChromeDriver: chrome on WINDOWS (2e8aff3d571e430a6de5978775513a3d)] -> class name: field-validation-error], [[ChromeDriver: chrome on WINDOWS (2e8aff3d571e430a6de5978775513a3d)] -> class name: field-validation-error], [[ChromeDriver: chrome on WINDOWS (2e8aff3d571e430a6de5978775513a3d)] -> class name: field-validation-error], [[ChromeDriver: chrome on WINDOWS (2e8aff3d571e430a6de5978775513a3d)] -> class name: field-validation-error]]
2022-12-20 22:12:655 INFO  ComputerPage :39 - click On SubMenu [[ChromeDriver: chrome on WINDOWS (e9cd50c4d2c9adc308332ed6fcbbd753)] -> xpath: //div[@class='category-grid sub-category-grid']//h2/a]
2022-12-20 22:12:935 INFO  ComputerPage :39 - click On SubMenu [[ChromeDriver: chrome on WINDOWS (b324607a2db49ae1981235634891ddf7)] -> xpath: //div[@class='category-grid sub-category-grid']//h2/a]
2022-12-20 22:12:937 INFO  DesktopsPage :59 - select Product [[ChromeDriver: chrome on WINDOWS (b324607a2db49ae1981235634891ddf7)] -> xpath: //div[@class='products-container']//h2/a]
2022-12-20 22:12:35 INFO  BuildYourOwnComputer :64 - Select Processor :[[ChromeDriver: chrome on WINDOWS (b324607a2db49ae1981235634891ddf7)] -> id: product_attribute_1]
2022-12-20 22:12:52 INFO  BuildYourOwnComputer :69 - Select Ram[[ChromeDriver: chrome on WINDOWS (b324607a2db49ae1981235634891ddf7)] -> id: product_attribute_2]
2022-12-20 22:12:235 INFO  BuildYourOwnComputer :78 - select HDD [[ChromeDriver: chrome on WINDOWS (b324607a2db49ae1981235634891ddf7)] -> xpath: //dd[@id='product_attribute_input_3']//li/label]
2022-12-20 22:12:316 INFO  BuildYourOwnComputer :88 - select OS[[ChromeDriver: chrome on WINDOWS (b324607a2db49ae1981235634891ddf7)] -> xpath: //dd[@id='product_attribute_input_4']//li/label]
2022-12-20 22:12:404 INFO  BuildYourOwnComputer :98 - select Software : [[ChromeDriver: chrome on WINDOWS (b324607a2db49ae1981235634891ddf7)] -> xpath: //dd[@id='product_attribute_input_5']//li/label]
2022-12-20 22:12:491 INFO  BuildYourOwnComputer :106 - click On AddToCart Button [[ChromeDriver: chrome on WINDOWS (b324607a2db49ae1981235634891ddf7)] -> xpath: //button[@id='add-to-cart-button-1']]
2022-12-20 22:12:727 INFO  BuildYourOwnComputer :112 - Get ProductAdded Message [[ChromeDriver: chrome on WINDOWS (b324607a2db49ae1981235634891ddf7)] -> xpath: //p[@class='content']]
2022-12-20 22:12:934 INFO  ComputerPage :39 - click On SubMenu [[ChromeDriver: chrome on WINDOWS (e4767e039b60d49278f6d0aa53b0ffb3)] -> xpath: //div[@class='category-grid sub-category-grid']//h2/a]
2022-12-20 22:12:736 INFO  DesktopsPage :59 - select Product [[ChromeDriver: chrome on WINDOWS (e4767e039b60d49278f6d0aa53b0ffb3)] -> xpath: //div[@class='products-container']//h2/a]
2022-12-20 22:12:809 INFO  BuildYourOwnComputer :64 - Select Processor :[[ChromeDriver: chrome on WINDOWS (e4767e039b60d49278f6d0aa53b0ffb3)] -> id: product_attribute_1]
2022-12-20 22:12:822 INFO  BuildYourOwnComputer :69 - Select Ram[[ChromeDriver: chrome on WINDOWS (e4767e039b60d49278f6d0aa53b0ffb3)] -> id: product_attribute_2]
2022-12-20 22:12:12 INFO  BuildYourOwnComputer :78 - select HDD [[ChromeDriver: chrome on WINDOWS (e4767e039b60d49278f6d0aa53b0ffb3)] -> xpath: //dd[@id='product_attribute_input_3']//li/label]
2022-12-20 22:12:123 INFO  BuildYourOwnComputer :88 - select OS[[ChromeDriver: chrome on WINDOWS (e4767e039b60d49278f6d0aa53b0ffb3)] -> xpath: //dd[@id='product_attribute_input_4']//li/label]
2022-12-20 22:12:231 INFO  BuildYourOwnComputer :98 - select Software : [[ChromeDriver: chrome on WINDOWS (e4767e039b60d49278f6d0aa53b0ffb3)] -> xpath: //dd[@id='product_attribute_input_5']//li/label]
2022-12-20 22:12:321 INFO  BuildYourOwnComputer :106 - click On AddToCart Button [[ChromeDriver: chrome on WINDOWS (e4767e039b60d49278f6d0aa53b0ffb3)] -> xpath: //button[@id='add-to-cart-button-1']]
2022-12-20 22:12:602 INFO  BuildYourOwnComputer :112 - Get ProductAdded Message [[ChromeDriver: chrome on WINDOWS (e4767e039b60d49278f6d0aa53b0ffb3)] -> xpath: //p[@class='content']]
2022-12-20 22:12:217 INFO  ComputerPage :39 - click On SubMenu [[ChromeDriver: chrome on WINDOWS (663a1a54ab5b6d8f4dd0be777ebe5994)] -> xpath: //div[@class='category-grid sub-category-grid']//h2/a]
2022-12-20 22:12:01 INFO  DesktopsPage :59 - select Product [[ChromeDriver: chrome on WINDOWS (663a1a54ab5b6d8f4dd0be777ebe5994)] -> xpath: //div[@class='products-container']//h2/a]
2022-12-20 22:12:76 INFO  BuildYourOwnComputer :64 - Select Processor :[[ChromeDriver: chrome on WINDOWS (663a1a54ab5b6d8f4dd0be777ebe5994)] -> id: product_attribute_1]
2022-12-20 22:12:89 INFO  BuildYourOwnComputer :69 - Select Ram[[ChromeDriver: chrome on WINDOWS (663a1a54ab5b6d8f4dd0be777ebe5994)] -> id: product_attribute_2]
2022-12-20 22:12:278 INFO  BuildYourOwnComputer :78 - select HDD [[ChromeDriver: chrome on WINDOWS (663a1a54ab5b6d8f4dd0be777ebe5994)] -> xpath: //dd[@id='product_attribute_input_3']//li/label]
2022-12-20 22:12:445 INFO  BuildYourOwnComputer :98 - select Software : [[ChromeDriver: chrome on WINDOWS (663a1a54ab5b6d8f4dd0be777ebe5994)] -> xpath: //dd[@id='product_attribute_input_5']//li/label]
2022-12-20 22:12:531 INFO  BuildYourOwnComputer :106 - click On AddToCart Button [[ChromeDriver: chrome on WINDOWS (663a1a54ab5b6d8f4dd0be777ebe5994)] -> xpath: //button[@id='add-to-cart-button-1']]
2022-12-20 22:12:196 INFO  BuildYourOwnComputer :112 - Get ProductAdded Message [[ChromeDriver: chrome on WINDOWS (663a1a54ab5b6d8f4dd0be777ebe5994)] -> xpath: //p[@class='content']]
2022-12-20 22:12:712 INFO  ComputerPage :39 - click On SubMenu [[ChromeDriver: chrome on WINDOWS (c43a3d6fd64086c0b9b486ead89a0aa2)] -> xpath: //div[@class='category-grid sub-category-grid']//h2/a]
2022-12-20 22:12:428 INFO  DesktopsPage :59 - select Product [[ChromeDriver: chrome on WINDOWS (c43a3d6fd64086c0b9b486ead89a0aa2)] -> xpath: //div[@class='products-container']//h2/a]
2022-12-20 22:12:527 INFO  BuildYourOwnComputer :64 - Select Processor :[[ChromeDriver: chrome on WINDOWS (c43a3d6fd64086c0b9b486ead89a0aa2)] -> id: product_attribute_1]
2022-12-20 22:12:543 INFO  BuildYourOwnComputer :69 - Select Ram[[ChromeDriver: chrome on WINDOWS (c43a3d6fd64086c0b9b486ead89a0aa2)] -> id: product_attribute_2]
2022-12-20 22:12:729 INFO  BuildYourOwnComputer :78 - select HDD [[ChromeDriver: chrome on WINDOWS (c43a3d6fd64086c0b9b486ead89a0aa2)] -> xpath: //dd[@id='product_attribute_input_3']//li/label]
2022-12-20 22:12:816 INFO  BuildYourOwnComputer :88 - select OS[[ChromeDriver: chrome on WINDOWS (c43a3d6fd64086c0b9b486ead89a0aa2)] -> xpath: //dd[@id='product_attribute_input_4']//li/label]
2022-12-20 22:12:898 INFO  BuildYourOwnComputer :98 - select Software : [[ChromeDriver: chrome on WINDOWS (c43a3d6fd64086c0b9b486ead89a0aa2)] -> xpath: //dd[@id='product_attribute_input_5']//li/label]
2022-12-20 22:12:993 INFO  BuildYourOwnComputer :106 - click On AddToCart Button [[ChromeDriver: chrome on WINDOWS (c43a3d6fd64086c0b9b486ead89a0aa2)] -> xpath: //button[@id='add-to-cart-button-1']]
2022-12-20 22:12:645 INFO  BuildYourOwnComputer :112 - Get ProductAdded Message [[ChromeDriver: chrome on WINDOWS (c43a3d6fd64086c0b9b486ead89a0aa2)] -> xpath: //p[@class='content']]
2022-12-20 22:12:177 INFO  ComputerPage :39 - click On SubMenu [[ChromeDriver: chrome on WINDOWS (de784edb5cda4ad58ca647760152c5bc)] -> xpath: //div[@class='category-grid sub-category-grid']//h2/a]
2022-12-20 22:12:246 INFO  DesktopsPage :59 - select Product [[ChromeDriver: chrome on WINDOWS (de784edb5cda4ad58ca647760152c5bc)] -> xpath: //div[@class='products-container']//h2/a]
2022-12-20 22:12:318 INFO  BuildYourOwnComputer :64 - Select Processor :[[ChromeDriver: chrome on WINDOWS (de784edb5cda4ad58ca647760152c5bc)] -> id: product_attribute_1]
2022-12-20 22:12:333 INFO  BuildYourOwnComputer :69 - Select Ram[[ChromeDriver: chrome on WINDOWS (de784edb5cda4ad58ca647760152c5bc)] -> id: product_attribute_2]
2022-12-20 22:12:518 INFO  BuildYourOwnComputer :78 - select HDD [[ChromeDriver: chrome on WINDOWS (de784edb5cda4ad58ca647760152c5bc)] -> xpath: //dd[@id='product_attribute_input_3']//li/label]
2022-12-20 22:12:625 INFO  BuildYourOwnComputer :88 - select OS[[ChromeDriver: chrome on WINDOWS (de784edb5cda4ad58ca647760152c5bc)] -> xpath: //dd[@id='product_attribute_input_4']//li/label]
2022-12-20 22:12:734 INFO  BuildYourOwnComputer :98 - select Software : [[ChromeDriver: chrome on WINDOWS (de784edb5cda4ad58ca647760152c5bc)] -> xpath: //dd[@id='product_attribute_input_5']//li/label]
2022-12-20 22:12:815 INFO  BuildYourOwnComputer :106 - click On AddToCart Button [[ChromeDriver: chrome on WINDOWS (de784edb5cda4ad58ca647760152c5bc)] -> xpath: //button[@id='add-to-cart-button-1']]
2022-12-20 22:12:102 INFO  BuildYourOwnComputer :112 - Get ProductAdded Message [[ChromeDriver: chrome on WINDOWS (de784edb5cda4ad58ca647760152c5bc)] -> xpath: //p[@class='content']]
2022-12-20 22:12:913 INFO  ComputerPage :39 - click On SubMenu [[ChromeDriver: chrome on WINDOWS (068313e0cedd2ced03fe46512cde7e1a)] -> xpath: //div[@class='category-grid sub-category-grid']//h2/a]
2022-12-20 22:12:573 INFO  DesktopsPage :59 - select Product [[ChromeDriver: chrome on WINDOWS (068313e0cedd2ced03fe46512cde7e1a)] -> xpath: //div[@class='products-container']//h2/a]
2022-12-20 22:12:646 INFO  BuildYourOwnComputer :64 - Select Processor :[[ChromeDriver: chrome on WINDOWS (068313e0cedd2ced03fe46512cde7e1a)] -> id: product_attribute_1]
2022-12-20 22:12:659 INFO  BuildYourOwnComputer :69 - Select Ram[[ChromeDriver: chrome on WINDOWS (068313e0cedd2ced03fe46512cde7e1a)] -> id: product_attribute_2]
2022-12-20 22:12:834 INFO  BuildYourOwnComputer :78 - select HDD [[ChromeDriver: chrome on WINDOWS (068313e0cedd2ced03fe46512cde7e1a)] -> xpath: //dd[@id='product_attribute_input_3']//li/label]
2022-12-20 22:12:08 INFO  BuildYourOwnComputer :98 - select Software : [[ChromeDriver: chrome on WINDOWS (068313e0cedd2ced03fe46512cde7e1a)] -> xpath: //dd[@id='product_attribute_input_5']//li/label]
2022-12-20 22:12:96 INFO  BuildYourOwnComputer :106 - click On AddToCart Button [[ChromeDriver: chrome on WINDOWS (068313e0cedd2ced03fe46512cde7e1a)] -> xpath: //button[@id='add-to-cart-button-1']]
2022-12-20 22:12:324 INFO  BuildYourOwnComputer :112 - Get ProductAdded Message [[ChromeDriver: chrome on WINDOWS (068313e0cedd2ced03fe46512cde7e1a)] -> xpath: //p[@class='content']]
